Using pre-set license
Built from '2020.3/release' branch; Version is '2020.3.12f1 (b3b2c6512326) revision 11776710'; Using compiler version '192528614'; Build Type 'Release'
OS: 'Windows 10 Pro; OS build 19041.1052; Version 2004; 64bit' Language: 'ko' Physical Memory: 16233 MB
BatchMode: 1, IsHumanControllingUs: 0, StartBugReporterOnCrash: 0, Is64bit: 1, IsPro: 0

 COMMAND LINE ARGUMENTS:
F:\unity editor\2020.3.12f1\Editor\Unity.exe
-adb2
-batchMode
-noUpm
-name
AssetImportWorker1
-projectPath
F:/Documents/DropTheBit_Hero/DropTheBit_Hero
-logFile
Logs/AssetImportWorker1.log
-srvPort
50215
Successfully changed project path to: F:/Documents/DropTheBit_Hero/DropTheBit_Hero
F:/Documents/DropTheBit_Hero/DropTheBit_Hero
Using Asset Import Pipeline V2.
Refreshing native plugins compatible for Editor in 66.75 ms, found 3 plugins.
Preloading 0 native plugins for Editor in 0.00 ms.
Initialize engine version: 2020.3.12f1 (b3b2c6512326)
[Subsystems] Discovering subsystems at path F:/unity editor/2020.3.12f1/Editor/Data/Resources/UnitySubsystems
[Subsystems] Discovering subsystems at path F:/Documents/DropTheBit_Hero/DropTheBit_Hero/Assets
GfxDevice: creating device client; threaded=0
Direct3D:
    Version:  Direct3D 11.0 [level 11.1]
    Renderer: NVIDIA GeForce RTX 2060 (ID=0x1f11)
    Vendor:   
    VRAM:     5980 MB
    Driver:   26.21.14.4193
Initialize mono
Mono path[0] = 'F:/unity editor/2020.3.12f1/Editor/Data/Managed'
Mono path[1] = 'F:/unity editor/2020.3.12f1/Editor/Data/MonoBleedingEdge/lib/mono/unityjit'
Mono config path = 'F:/unity editor/2020.3.12f1/Editor/Data/MonoBleedingEdge/etc'
Using monoOptions --debugger-agent=transport=dt_socket,embedding=1,server=y,suspend=n,address=127.0.0.1:56468
Begin MonoManager ReloadAssembly
Registering precompiled unity dll's ...
Register platform support module: F:/unity editor/2020.3.12f1/Editor/Data/PlaybackEngines/WindowsStandaloneSupport/UnityEditor.WindowsStandalone.Extensions.dll
Registered in 0.001478 seconds.
Native extension for WindowsStandalone target not found
Refreshing native plugins compatible for Editor in 57.95 ms, found 3 plugins.
Preloading 0 native plugins for Editor in 0.00 ms.
Mono: successfully reloaded assembly
- Completed reload, in  2.350 seconds
Platform modules already initialized, skipping
Registering precompiled user dll's ...
Registered in 0.009262 seconds.
Begin MonoManager ReloadAssembly
Native extension for WindowsStandalone target not found
Refreshing native plugins compatible for Editor in 66.99 ms, found 3 plugins.
Preloading 0 native plugins for Editor in 0.00 ms.
Mono: successfully reloaded assembly
- Completed reload, in  1.391 seconds
Platform modules already initialized, skipping
========================================================================
Worker process is ready to serve import requests
Launched and connected shader compiler UnityShaderCompiler.exe after 0.11 seconds
Refreshing native plugins compatible for Editor in 0.85 ms, found 3 plugins.
Preloading 0 native plugins for Editor in 0.00 ms.
Unloading 2845 Unused Serialized files (Serialized files now loaded: 0)
System memory in use before: 115.0 MB.
System memory in use after: 115.2 MB.

Unloading 73 unused Assets to reduce memory usage. Loaded Objects now: 3252.
Total: 6.011600 ms (FindLiveObjects: 0.249800 ms CreateObjectMapping: 0.104100 ms MarkObjects: 5.576700 ms  DeleteObjects: 0.079700 ms)

AssetImportParameters requested are different than current active one (requested -> active):
  custom:framework-win-MediaFoundation: 216162199b28c13a410421893ffa2e32 -> 
  custom:video-decoder-ogg-theora: a1e56fd34408186e4bbccfd4996cb3dc -> 
  custom:container-muxer-webm: aa71ff27fc2769a1b78a27578f13a17b -> 
  custom:container-demuxer-webm: 4f35f7cbe854078d1ac9338744f61a02 -> 
  custom:container-demuxer-ogg: 62fdf1f143b41e24485cea50d1cbac27 -> 
  custom:video-encoder-webm-vp8: eb34c28f22e8b96e1ab97ce403110664 -> 
  custom:video-decoder-webm-vp8: 9c59270c3fd7afecdb556c50c9e8de78 -> 
  custom:audio-decoder-ogg-vorbis: bf7c407c2cedff20999df2af8eb42d56 -> 
  custom:audio-encoder-webm-vorbis: bf7c407c2cedff20999df2af8eb42d56 -> 
========================================================================
Received Import Request.
  path: Assets/Resources/Notes/Mili - RTRT (SMOKELIND) [Hard].osu
  artifactKey: Guid(887b0426438b30449bf272fb7ec9b07f) Importer(815301076,1909f56bfc062723c751e8b465ee728b)
Start importing Assets/Resources/Notes/Mili - RTRT (SMOKELIND) [Hard].osu using Guid(887b0426438b30449bf272fb7ec9b07f) Importer(815301076,1909f56bfc062723c751e8b465ee728b)  -> (artifact id: '6b52f13f4585f78cfbc25d7ee8c36ee0') in 0.053246 seconds 
  Import took 0.057628 seconds .

========================================================================
Received Import Request.
  Time since last request: 45.598573 seconds.
  path: Assets/Sounds/Sound_MP3/audio.mp3
  artifactKey: Guid(5ee49d7b62d003e48aee9b307f62b824) Importer(815301076,1909f56bfc062723c751e8b465ee728b)
Start importing Assets/Sounds/Sound_MP3/audio.mp3 using Guid(5ee49d7b62d003e48aee9b307f62b824) Importer(815301076,1909f56bfc062723c751e8b465ee728b)  -> (artifact id: '3cbdaecc2502fbf99e0d3af90fc32247') in 0.101368 seconds 
  Import took 0.128604 seconds .

========================================================================
Received Import Request.
  Time since last request: 8.930853 seconds.
  path: Assets/Sounds/Sound_MP3/RTRT.mp3
  artifactKey: Guid(5ee49d7b62d003e48aee9b307f62b824) Importer(815301076,1909f56bfc062723c751e8b465ee728b)
Start importing Assets/Sounds/Sound_MP3/RTRT.mp3 using Guid(5ee49d7b62d003e48aee9b307f62b824) Importer(815301076,1909f56bfc062723c751e8b465ee728b)  -> (artifact id: 'cbe250db5f75f3984dbcfe10329f4d95') in 0.010779 seconds 
  Import took 0.033335 seconds .

========================================================================
Received Import Request.
  Time since last request: 26.338713 seconds.
  path: Assets/Sounds/Sound_MP3/audio.mp3
  artifactKey: Guid(e9f3c67d5ca735b46b140773113ef4c1) Importer(815301076,1909f56bfc062723c751e8b465ee728b)
Start importing Assets/Sounds/Sound_MP3/audio.mp3 using Guid(e9f3c67d5ca735b46b140773113ef4c1) Importer(815301076,1909f56bfc062723c751e8b465ee728b)  -> (artifact id: '74224c63d94451d96b3cabe48e1e17fa') in 0.010180 seconds 
  Import took 0.015154 seconds .

========================================================================
Received Import Request.
  Time since last request: 16.731619 seconds.
  path: Assets/Sounds/Sound_MP3/WorldExcuteMe.mp3
  artifactKey: Guid(e9f3c67d5ca735b46b140773113ef4c1) Importer(815301076,1909f56bfc062723c751e8b465ee728b)
Start importing Assets/Sounds/Sound_MP3/WorldExcuteMe.mp3 using Guid(e9f3c67d5ca735b46b140773113ef4c1) Importer(815301076,1909f56bfc062723c751e8b465ee728b)  -> (artifact id: 'b44812a765b56a3c3696091d23fae6d0') in 0.012236 seconds 
  Import took 0.017199 seconds .

========================================================================
Received Import Request.
  Time since last request: 0.020047 seconds.
  path: Assets/Sounds/Sound_MP3/WorldExcuteMe.mp3
  artifactKey: Guid(e9f3c67d5ca735b46b140773113ef4c1) Importer(815301076,1909f56bfc062723c751e8b465ee728b)
Start importing Assets/Sounds/Sound_MP3/WorldExcuteMe.mp3 using Guid(e9f3c67d5ca735b46b140773113ef4c1) Importer(815301076,1909f56bfc062723c751e8b465ee728b)  -> (artifact id: 'b44812a765b56a3c3696091d23fae6d0') in 0.012748 seconds 
  Import took 0.017673 seconds .

========================================================================
Received Import Request.
  Time since last request: 50.869787 seconds.
  path: Assets/Resources/Notes/RTRT.osu
  artifactKey: Guid(887b0426438b30449bf272fb7ec9b07f) Importer(815301076,1909f56bfc062723c751e8b465ee728b)
Start importing Assets/Resources/Notes/RTRT.osu using Guid(887b0426438b30449bf272fb7ec9b07f) Importer(815301076,1909f56bfc062723c751e8b465ee728b)  -> (artifact id: '98a9fa5c23f3409e4673b68ac99c1223') in 0.003648 seconds 
  Import took 0.114934 seconds .

========================================================================
Received Import Request.
  Time since last request: 1.127666 seconds.
  path: Assets/Resources/Notes/Mili - world.execute(me); (Exile-) [mapset.hard(Alphabet);].osu
  artifactKey: Guid(97fb81687f7459b44ad938f3672c82af) Importer(815301076,1909f56bfc062723c751e8b465ee728b)
Start importing Assets/Resources/Notes/Mili - world.execute(me); (Exile-) [mapset.hard(Alphabet);].osu using Guid(97fb81687f7459b44ad938f3672c82af) Importer(815301076,1909f56bfc062723c751e8b465ee728b)  -> (artifact id: '2df2a07e2dc1b77961afd61a10394636') in 0.003724 seconds 
  Import took 0.109132 seconds .

========================================================================
Received Import Request.
  Time since last request: 5.462329 seconds.
  path: Assets/Resources/Notes/WorldExcuteMe.osu
  artifactKey: Guid(97fb81687f7459b44ad938f3672c82af) Importer(815301076,1909f56bfc062723c751e8b465ee728b)
Start importing Assets/Resources/Notes/WorldExcuteMe.osu using Guid(97fb81687f7459b44ad938f3672c82af) Importer(815301076,1909f56bfc062723c751e8b465ee728b)  -> (artifact id: 'e232a1e62ab7128db7655304ea6194f3') in 0.004642 seconds 
  Import took 0.138534 seconds .

========================================================================
Received Prepare
Registering precompiled user dll's ...
Registered in 0.008504 seconds.
Begin MonoManager ReloadAssembly
Native extension for WindowsStandalone target not found
Refreshing native plugins compatible for Editor in 0.81 ms, found 3 plugins.
Preloading 0 native plugins for Editor in 0.00 ms.
Mono: successfully reloaded assembly
- Completed reload, in  1.139 seconds
Platform modules already initialized, skipping
Switching build target platform(19) subTarget(0) extendedPlatform(0) -> platform(13) subTarget(65536) extendedPlatform(0)
Refreshing native plugins compatible for Editor in 0.79 ms, found 3 plugins.
Preloading 0 native plugins for Editor in 0.00 ms.
Unloading 2835 Unused Serialized files (Serialized files now loaded: 0)
System memory in use before: 117.2 MB.
System memory in use after: 117.4 MB.

Unloading 61 unused Assets to reduce memory usage. Loaded Objects now: 3265.
Total: 5.844300 ms (FindLiveObjects: 0.253300 ms CreateObjectMapping: 0.098300 ms MarkObjects: 5.460700 ms  DeleteObjects: 0.031000 ms)

AssetImportParameters requested are different than current active one (requested -> active):
  custom:framework-win-MediaFoundation: 216162199b28c13a410421893ffa2e32 -> 
  custom:video-decoder-ogg-theora: a1e56fd34408186e4bbccfd4996cb3dc -> 
  custom:container-muxer-webm: aa71ff27fc2769a1b78a27578f13a17b -> 
  custom:container-demuxer-webm: 4f35f7cbe854078d1ac9338744f61a02 -> 
  custom:container-demuxer-ogg: 62fdf1f143b41e24485cea50d1cbac27 -> 
  custom:video-encoder-webm-vp8: eb34c28f22e8b96e1ab97ce403110664 -> 
  custom:video-decoder-webm-vp8: 9c59270c3fd7afecdb556c50c9e8de78 -> 
  custom:graphics/normal-map-encoding: 01000000000000000000000000000000 -> 02000000000000000000000000000000
  custom:audio-decoder-ogg-vorbis: bf7c407c2cedff20999df2af8eb42d56 -> 
  custom:audio-encoder-webm-vorbis: bf7c407c2cedff20999df2af8eb42d56 -> 
========================================================================
Received Prepare
Registering precompiled user dll's ...
Registered in 0.008540 seconds.
Begin MonoManager ReloadAssembly
Native extension for WindowsStandalone target not found
Refreshing native plugins compatible for Editor in 0.85 ms, found 3 plugins.
Preloading 0 native plugins for Editor in 0.00 ms.
Mono: successfully reloaded assembly
- Completed reload, in  1.361 seconds
Platform modules already initialized, skipping
Switching build target platform(19) subTarget(0) extendedPlatform(0) -> platform(13) subTarget(65536) extendedPlatform(0)
Refreshing native plugins compatible for Editor in 0.87 ms, found 3 plugins.
Preloading 0 native plugins for Editor in 0.00 ms.
Unloading 2835 Unused Serialized files (Serialized files now loaded: 0)
System memory in use before: 117.4 MB.
System memory in use after: 117.6 MB.

Unloading 61 unused Assets to reduce memory usage. Loaded Objects now: 3269.
Total: 10.114700 ms (FindLiveObjects: 0.601000 ms CreateObjectMapping: 0.640900 ms MarkObjects: 8.820000 ms  DeleteObjects: 0.051100 ms)

AssetImportParameters requested are different than current active one (requested -> active):
  custom:framework-win-MediaFoundation: 216162199b28c13a410421893ffa2e32 -> 
  custom:video-decoder-ogg-theora: a1e56fd34408186e4bbccfd4996cb3dc -> 
  custom:container-muxer-webm: aa71ff27fc2769a1b78a27578f13a17b -> 
  custom:container-demuxer-webm: 4f35f7cbe854078d1ac9338744f61a02 -> 
  custom:container-demuxer-ogg: 62fdf1f143b41e24485cea50d1cbac27 -> 
  custom:video-encoder-webm-vp8: eb34c28f22e8b96e1ab97ce403110664 -> 
  custom:video-decoder-webm-vp8: 9c59270c3fd7afecdb556c50c9e8de78 -> 
  custom:graphics/normal-map-encoding: 01000000000000000000000000000000 -> 02000000000000000000000000000000
  custom:audio-decoder-ogg-vorbis: bf7c407c2cedff20999df2af8eb42d56 -> 
  custom:audio-encoder-webm-vorbis: bf7c407c2cedff20999df2af8eb42d56 -> 
